<?xml version="1.0" encoding="UTF-8" ?>
<testsuite tests="1" failures="0" name="my.test.TestwithXMLConfig" time="0.063" errors="1" skipped="0">
  <properties>
[...]
</properties>
  <testcase classname="my.test.TestwithXMLConfig" name="whenEntityIsCreated_thenNoExceptions" time="0.063">
    <error message="persist is not valid without active transaction; nested exception is org.hibernate.HibernateException: persist is not valid without active transaction" type="org.springframework.orm.hibernate3.HibernateSystemException">org.springframework.orm.hibernate3.HibernateSystemException: persist is not valid without active transaction; nested exception is org.hibernate.HibernateException: persist is not valid without active transaction
	at org.springframework.orm.hibernate3.SessionFactoryUtils.convertHibernateAccessException(SessionFactoryUtils.java:709)
	at org.springframework.orm.hibernate3.HibernateExceptionTranslator.convertHibernateAccessException(HibernateExceptionTranslator.java:92)
	at org.springframework.orm.hibernate3.HibernateExceptionTranslator.translateExceptionIfPossible(HibernateExceptionTranslator.java:71)
	at org.springframework.dao.support.ChainedPersistenceExceptionTranslator.translateExceptionIfPossible(ChainedPersistenceExceptionTranslator.java:59)
	at org.springframework.dao.support.DataAccessUtils.translateIfNecessary(DataAccessUtils.java:213)
	at org.springframework.dao.support.PersistenceExceptionTranslationInterceptor.invoke(PersistenceExceptionTranslationInterceptor.java:147)
	at org.springframework.aop.framework.ReflectiveMethodInvocation.proceed(ReflectiveMethodInvocation.java:179)
	at org.springframework.aop.framework.JdkDynamicAopProxy.invoke(JdkDynamicAopProxy.java:213)
	at com.sun.proxy.$Proxy31.create(Unknown Source)
	at my.service.EventService.create(EventService.java:24)
	at my.service.EventService$$FastClassBySpringCGLIB$$4bea4476.invoke(&lt;generated&gt;)
	at org.springframework.cglib.proxy.MethodProxy.invoke(MethodProxy.java:204)
	at org.springframework.aop.framework.CglibAopProxy$CglibMethodInvocation.invokeJoinpoint(CglibAopProxy.java:720)
	at org.springframework.aop.framework.ReflectiveMethodInvocation.proceed(ReflectiveMethodInvocation.java:157)
	at org.springframework.transaction.interceptor.TransactionInterceptor$1.proceedWithInvocation(TransactionInterceptor.java:99)
	at org.springframework.transaction.interceptor.TransactionAspectSupport.invokeWithinTransaction(TransactionAspectSupport.java:282)
	at org.springframework.transaction.interceptor.TransactionInterceptor.invoke(TransactionInterceptor.java:96)
	at org.springframework.aop.framework.ReflectiveMethodInvocation.proceed(ReflectiveMethodInvocation.java:179)
	at org.springframework.aop.framework.CglibAopProxy$DynamicAdvisedInterceptor.intercept(CglibAopProxy.java:655)
	at my.service.EventService$$EnhancerBySpringCGLIB$$35a1b11c.create(&lt;generated&gt;)
	at my.test.TestwithXMLConfig.whenEntityIsCreated_thenNoExceptions(TestwithXMLConfig.java:22)
	at sun.reflect.NativeMethodAccessorImpl.invoke0(Native Method)
	at sun.reflect.NativeMethodAccessorImpl.invoke(NativeMethodAccessorImpl.java:62)
	at sun.reflect.DelegatingMethodAccessorImpl.invoke(DelegatingMethodAccessorImpl.java:43)
	at java.lang.reflect.Method.invoke(Method.java:483)
	at org.junit.runners.model.FrameworkMethod$1.runReflectiveCall(FrameworkMethod.java:50)
	at org.junit.internal.runners.model.ReflectiveCallable.run(ReflectiveCallable.java:12)
	at org.junit.runners.model.FrameworkMethod.invokeExplosively(FrameworkMethod.java:47)
	at org.junit.internal.runners.statements.InvokeMethod.evaluate(InvokeMethod.java:17)
	at org.springframework.test.context.junit4.statements.RunBeforeTestMethodCallbacks.evaluate(RunBeforeTestMethodCallbacks.java:75)
	at org.springframework.test.context.junit4.statements.RunAfterTestMethodCallbacks.evaluate(RunAfterTestMethodCallbacks.java:86)
	at org.springframework.test.context.junit4.statements.SpringRepeat.evaluate(SpringRepeat.java:84)
	at org.junit.runners.ParentRunner.runLeaf(ParentRunner.java:325)
	at org.springframework.test.context.junit4.SpringJUnit4ClassRunner.runChild(SpringJUnit4ClassRunner.java:252)
	at org.springframework.test.context.junit4.SpringJUnit4ClassRunner.runChild(SpringJUnit4ClassRunner.java:94)
	at org.junit.runners.ParentRunner$3.run(ParentRunner.java:290)
	at org.junit.runners.ParentRunner$1.schedule(ParentRunner.java:71)
	at org.junit.runners.ParentRunner.runChildren(ParentRunner.java:288)
	at org.junit.runners.ParentRunner.access$000(ParentRunner.java:58)
	at org.junit.runners.ParentRunner$2.evaluate(ParentRunner.java:268)
	at org.springframework.test.context.junit4.statements.RunBeforeTestClassCallbacks.evaluate(RunBeforeTestClassCallbacks.java:61)
	at org.springframework.test.context.junit4.statements.RunAfterTestClassCallbacks.evaluate(RunAfterTestClassCallbacks.java:70)
	at org.junit.runners.ParentRunner.run(ParentRunner.java:363)
	at org.springframework.test.context.junit4.SpringJUnit4ClassRunner.run(SpringJUnit4ClassRunner.java:191)
	at org.apache.maven.surefire.junit4.JUnit4Provider.execute(JUnit4Provider.java:252)
	at org.apache.maven.surefire.junit4.JUnit4Provider.executeTestSet(JUnit4Provider.java:141)
	at org.apache.maven.surefire.junit4.JUnit4Provider.invoke(JUnit4Provider.java:112)
	at sun.reflect.NativeMethodAccessorImpl.invoke0(Native Method)
	at sun.reflect.NativeMethodAccessorImpl.invoke(NativeMethodAccessorImpl.java:62)
	at sun.reflect.DelegatingMethodAccessorImpl.invoke(DelegatingMethodAccessorImpl.java:43)
	at java.lang.reflect.Method.invoke(Method.java:483)
	at org.apache.maven.surefire.util.ReflectionUtils.invokeMethodWithArray(ReflectionUtils.java:189)
	at org.apache.maven.surefire.booter.ProviderFactory$ProviderProxy.invoke(ProviderFactory.java:165)
	at org.apache.maven.surefire.booter.ProviderFactory.invokeProvider(ProviderFactory.java:85)
	at org.apache.maven.surefire.booter.ForkedBooter.runSuitesInProcess(ForkedBooter.java:115)
	at org.apache.maven.surefire.booter.ForkedBooter.main(ForkedBooter.java:75)
Caused by: org.hibernate.HibernateException: persist is not valid without active transaction
	at org.hibernate.context.ThreadLocalSessionContext$TransactionProtectionWrapper.invoke(ThreadLocalSessionContext.java:341)
	at com.sun.proxy.$Proxy35.persist(Unknown Source)
	at my.dao.AbstractHibernateDao.create(AbstractHibernateDao.java:35)
	at sun.reflect.NativeMethodAccessorImpl.invoke0(Native Method)
	at sun.reflect.NativeMethodAccessorImpl.invoke(NativeMethodAccessorImpl.java:62)
	at sun.reflect.DelegatingMethodAccessorImpl.invoke(DelegatingMethodAccessorImpl.java:43)
	at java.lang.reflect.Method.invoke(Method.java:483)
	at org.springframework.aop.support.AopUtils.invokeJoinpointUsingReflection(AopUtils.java:333)
	at org.springframework.aop.framework.ReflectiveMethodInvocation.invokeJoinpoint(ReflectiveMethodInvocation.java:190)
	at org.springframework.aop.framework.ReflectiveMethodInvocation.proceed(ReflectiveMethodInvocation.java:157)
	at org.springframework.dao.support.PersistenceExceptionTranslationInterceptor.invoke(PersistenceExceptionTranslationInterceptor.java:136)
	... 50 more
</error>
    <system-out>2017-10-02 06:08:51 DEBUG AbstractDirtiesContextTestExecutionListener:141 - After test class: context [DefaultTestContext@5cb9f472 testClass = Test123, testInstance = [null], testMethod = [null], testException = [null], mergedContextConfiguration = [MergedContextConfiguration@cb644e testClass = Test123, locations = &apos;{}&apos;, classes = &apos;{class my.spring.PersistenceConfig}&apos;, contextInitializerClasses = &apos;[]&apos;, activeProfiles = &apos;{}&apos;, propertySourceLocations = &apos;{}&apos;, propertySourceProperties = &apos;{}&apos;, contextCustomizers = set[[empty]], contextLoader = &apos;org.springframework.test.context.support.AnnotationConfigContextLoader&apos;, parent = [null]]], class annotated with @DirtiesContext [false] with mode [null].
2017-10-02 06:08:51 DEBUG SpringJUnit4ClassRunner:140 - SpringJUnit4ClassRunner constructor called with [class my.test.TestwithXMLConfig]
2017-10-02 06:08:51 DEBUG BootstrapUtils:95 - Instantiating CacheAwareContextLoaderDelegate from class [org.springframework.test.context.cache.DefaultCacheAwareContextLoaderDelegate]
2017-10-02 06:08:51 DEBUG BootstrapUtils:78 - Instantiating BootstrapContext using constructor [public org.springframework.test.context.support.DefaultBootstrapContext(java.lang.Class,org.springframework.test.context.CacheAwareContextLoaderDelegate)]
2017-10-02 06:08:51 DEBUG BootstrapUtils:131 - Instantiating TestContextBootstrapper for test class [my.test.TestwithXMLConfig] from class [org.springframework.test.context.support.DefaultTestContextBootstrapper]
2017-10-02 06:08:51 DEBUG AbstractDelegatingSmartContextLoader:96 - Delegating to GenericXmlContextLoader to process context configuration [ContextConfigurationAttributes@2f7a7219 declaringClass = &apos;my.test.TestwithXMLConfig&apos;, classes = &apos;{}&apos;, locations = &apos;{classpath:spring-config.xml}&apos;, inheritLocations = true, initializers = &apos;{}&apos;, inheritInitializers = true, name = [null], contextLoaderClass = &apos;org.springframework.test.context.ContextLoader&apos;].
2017-10-02 06:08:51 DEBUG ActiveProfilesUtils:78 - Could not find an &apos;annotation declaring class&apos; for annotation type [org.springframework.test.context.ActiveProfiles] and class [my.test.TestwithXMLConfig]
2017-10-02 06:08:51 DEBUG DefaultTestContextBootstrapper:132 - @TestExecutionListeners is not present for class [my.test.TestwithXMLConfig]: using defaults.
2017-10-02 06:08:51 INFO  DefaultTestContextBootstrapper:260 - Loaded default TestExecutionListener class names from location [META-INF/spring.factories]: [org.springframework.test.context.web.ServletTestExecutionListener, org.springframework.test.context.support.DirtiesContextBeforeModesTestExecutionListener, org.springframework.test.context.support.DependencyInjectionTestExecutionListener, org.springframework.test.context.support.DirtiesContextTestExecutionListener, org.springframework.test.context.transaction.TransactionalTestExecutionListener, org.springframework.test.context.jdbc.SqlScriptsTestExecutionListener]
2017-10-02 06:08:51 INFO  DefaultTestContextBootstrapper:209 - Could not instantiate TestExecutionListener [org.springframework.test.context.web.ServletTestExecutionListener]. Specify custom listener classes or make the default listener classes (and their required dependencies) available. Offending class: [javax/servlet/ServletContext]
2017-10-02 06:08:51 INFO  DefaultTestContextBootstrapper:187 - Using TestExecutionListeners: [org.springframework.test.context.support.DirtiesContextBeforeModesTestExecutionListener@4985cbcb, org.springframework.test.context.support.DependencyInjectionTestExecutionListener@72f46e16, org.springframework.test.context.support.DirtiesContextTestExecutionListener@3c9168dc, org.springframework.test.context.transaction.TransactionalTestExecutionListener@332a7fce, org.springframework.test.context.jdbc.SqlScriptsTestExecutionListener@549621f3]
2017-10-02 06:08:51 DEBUG ProfileValueUtils:68 - Retrieved @ProfileValueSourceConfiguration [null] for test class [my.test.TestwithXMLConfig]
2017-10-02 06:08:51 DEBUG ProfileValueUtils:80 - Retrieved ProfileValueSource type [class org.springframework.test.annotation.SystemProfileValueSource] for class [my.test.TestwithXMLConfig]
2017-10-02 06:08:51 DEBUG ProfileValueUtils:68 - Retrieved @ProfileValueSourceConfiguration [null] for test class [my.test.TestwithXMLConfig]
2017-10-02 06:08:51 DEBUG ProfileValueUtils:80 - Retrieved ProfileValueSource type [class org.springframework.test.annotation.SystemProfileValueSource] for class [my.test.TestwithXMLConfig]
2017-10-02 06:08:51 DEBUG AbstractDirtiesContextTestExecutionListener:141 - Before test class: context [DefaultTestContext@54361a9 testClass = TestwithXMLConfig, testInstance = [null], testMethod = [null], testException = [null], mergedContextConfiguration = [MergedContextConfiguration@32232e55 testClass = TestwithXMLConfig, locations = &apos;{classpath:spring-config.xml}&apos;, classes = &apos;{}&apos;, contextInitializerClasses = &apos;[]&apos;, activeProfiles = &apos;{}&apos;, propertySourceLocations = &apos;{}&apos;, propertySourceProperties = &apos;{}&apos;, contextCustomizers = set[[empty]], contextLoader = &apos;org.springframework.test.context.support.DelegatingSmartContextLoader&apos;, parent = [null]]], class annotated with @DirtiesContext [false] with mode [null].
2017-10-02 06:08:51 DEBUG ProfileValueUtils:68 - Retrieved @ProfileValueSourceConfiguration [null] for test class [my.test.TestwithXMLConfig]
2017-10-02 06:08:51 DEBUG ProfileValueUtils:80 - Retrieved ProfileValueSource type [class org.springframework.test.annotation.SystemProfileValueSource] for class [my.test.TestwithXMLConfig]
2017-10-02 06:08:51 DEBUG DependencyInjectionTestExecutionListener:81 - Performing dependency injection for test context [[DefaultTestContext@54361a9 testClass = TestwithXMLConfig, testInstance = my.test.TestwithXMLConfig@5217f3d0, testMethod = [null], testException = [null], mergedContextConfiguration = [MergedContextConfiguration@32232e55 testClass = TestwithXMLConfig, locations = &apos;{classpath:spring-config.xml}&apos;, classes = &apos;{}&apos;, contextInitializerClasses = &apos;[]&apos;, activeProfiles = &apos;{}&apos;, propertySourceLocations = &apos;{}&apos;, propertySourceProperties = &apos;{}&apos;, contextCustomizers = set[[empty]], contextLoader = &apos;org.springframework.test.context.support.DelegatingSmartContextLoader&apos;, parent = [null]]]].
2017-10-02 06:08:51 DEBUG AbstractDelegatingSmartContextLoader:106 - Delegating to GenericXmlContextLoader to load context from [MergedContextConfiguration@32232e55 testClass = TestwithXMLConfig, locations = &apos;{classpath:spring-config.xml}&apos;, classes = &apos;{}&apos;, contextInitializerClasses = &apos;[]&apos;, activeProfiles = &apos;{}&apos;, propertySourceLocations = &apos;{}&apos;, propertySourceProperties = &apos;{}&apos;, contextCustomizers = set[[empty]], contextLoader = &apos;org.springframework.test.context.support.DelegatingSmartContextLoader&apos;, parent = [null]].
2017-10-02 06:08:51 DEBUG AbstractGenericContextLoader:109 - Loading ApplicationContext for merged context configuration [[MergedContextConfiguration@32232e55 testClass = TestwithXMLConfig, locations = &apos;{classpath:spring-config.xml}&apos;, classes = &apos;{}&apos;, contextInitializerClasses = &apos;[]&apos;, activeProfiles = &apos;{}&apos;, propertySourceLocations = &apos;{}&apos;, propertySourceProperties = &apos;{}&apos;, contextCustomizers = set[[empty]], contextLoader = &apos;org.springframework.test.context.support.DelegatingSmartContextLoader&apos;, parent = [null]]].
2017-10-02 06:08:51 DEBUG StandardEnvironment:109 - Adding [systemProperties] PropertySource with lowest search precedence
2017-10-02 06:08:51 DEBUG StandardEnvironment:109 - Adding [systemEnvironment] PropertySource with lowest search precedence
2017-10-02 06:08:51 DEBUG StandardEnvironment:124 - Initialized StandardEnvironment with PropertySources [systemProperties,systemEnvironment]
2017-10-02 06:08:51 INFO  XmlBeanDefinitionReader:317 - Loading XML bean definitions from class path resource [spring-config.xml]
2017-10-02 06:08:51 DEBUG DefaultDocumentLoader:73 - Using JAXP provider [com.sun.org.apache.xerces.internal.jaxp.DocumentBuilderFactoryImpl]
2017-10-02 06:08:51 DEBUG PluggableSchemaResolver:141 - Loading schema mappings from [META-INF/spring.schemas]
2017-10-02 06:08:51 DEBUG PluggableSchemaResolver:147 - Loaded schema mappings: {http://www.springframework.org/schema/tx/spring-tx-4.3.xsd=org/springframework/transaction/config/spring-tx-4.3.xsd, http://www.springframework.org/schema/tx/spring-tx-2.5.xsd=org/springframework/transaction/config/spring-tx-2.5.xsd, http://www.springframework.org/schema/cache/spring-cache-4.2.xsd=org/springframework/cache/config/spring-cache-4.2.xsd, http://www.springframework.org/schema/aop/spring-aop-4.1.xsd=org/springframework/aop/config/spring-aop-4.1.xsd, http://www.springframework.org/schema/context/spring-context-3.1.xsd=org/springframework/context/config/spring-context-3.1.xsd, http://www.springframework.org/schema/jdbc/spring-jdbc-4.1.xsd=org/springframework/jdbc/config/spring-jdbc-4.1.xsd, http://www.springframework.org/schema/util/spring-util-3.0.xsd=org/springframework/beans/factory/xml/spring-util-3.0.xsd, http://www.springframework.org/schema/tool/spring-tool.xsd=org/springframework/beans/factory/xml/spring-tool-4.3.xsd, http://www.springframework.org/schema/aop/spring-aop-3.2.xsd=org/springframework/aop/config/spring-aop-3.2.xsd, http://www.springframework.org/schema/lang/spring-lang-4.1.xsd=org/springframework/scripting/config/spring-lang-4.1.xsd, http://www.springframework.org/schema/context/spring-context-4.0.xsd=org/springframework/context/config/spring-context-4.0.xsd, http://www.springframework.org/schema/beans/spring-beans-4.2.xsd=org/springframework/beans/factory/xml/spring-beans-4.2.xsd, http://www.springframework.org/schema/tool/spring-tool-4.1.xsd=org/springframework/beans/factory/xml/spring-tool-4.1.xsd, http://www.springframework.org/schema/lang/spring-lang-3.2.xsd=org/springframework/scripting/config/spring-lang-3.2.xsd, http://www.springframework.org/schema/cache/spring-cache-3.2.xsd=org/springframework/cache/config/spring-cache-3.2.xsd, http://www.springframework.org/schema/jee/spring-jee-4.1.xsd=org/springframework/ejb/config/spring-jee-4.1.xsd, http://www.springframework.org/schema/jdbc/spring-jdbc-3.1.xsd=org/springframework/jdbc/config/spring-jdbc-3.1.xsd, http://www.springframework.org/schema/util/spring-util-2.0.xsd=org/springframework/beans/factory/xml/spring-util-2.0.xsd, http://www.springframework.org/schema/task/spring-task-4.2.xsd=org/springframework/scheduling/config/spring-task-4.2.xsd, http://www.springframework.org/schema/tool/spring-tool-3.2.xsd=org/springframework/beans/factory/xml/spring-tool-3.2.xsd, http://www.springframework.org/schema/context/spring-context.xsd=org/springframework/context/config/spring-context-4.3.xsd, http://www.springframework.org/schema/tx/spring-tx-4.2.xsd=org/springframework/transaction/config/spring-tx-4.2.xsd, http://www.springframework.org/schema/cache/spring-cache-4.1.xsd=org/springframework/cache/config/spring-cache-4.1.xsd, http://www.springframework.org/schema/aop/spring-aop-4.0.xsd=org/springframework/aop/config/spring-aop-4.0.xsd, http://www.springframework.org/schema/jee/spring-jee-3.2.xsd=org/springframework/ejb/config/spring-jee-3.2.xsd, http://www.springframework.org/schema/context/spring-context-3.0.xsd=org/springframework/context/config/spring-context-3.0.xsd, http://www.springframework.org/schema/jdbc/spring-jdbc-4.0.xsd=org/springframework/jdbc/config/spring-jdbc-4.0.xsd, http://www.springframework.org/schema/util/spring-util-4.3.xsd=org/springframework/beans/factory/xml/spring-util-4.3.xsd, http://www.springframework.org/schema/util/spring-util-2.5.xsd=org/springframework/beans/factory/xml/spring-util-2.5.xsd, http://www.springframework.org/schema/beans/spring-beans-3.2.xsd=org/springframework/beans/factory/xml/spring-beans-3.2.xsd, http://www.springframework.org/schema/aop/spring-aop-3.1.xsd=org/springframework/aop/config/spring-aop-3.1.xsd, http://www.springframework.org/schema/lang/spring-lang-4.0.xsd=org/springframework/scripting/config/spring-lang-4.0.xsd, http://www.springframework.org/schema/beans/spring-beans-4.1.xsd=org/springframework/beans/factory/xml/spring-beans-4.1.xsd, http://www.springframework.org/schema/tool/spring-tool-4.0.xsd=org/springframework/beans/factory/xml/spring-tool-4.0.xsd, http://www.springframework.org/schema/tx/spring-tx-3.2.xsd=org/springframework/transaction/config/spring-tx-3.2.xsd, http://www.springframework.org/schema/lang/spring-lang-3.1.xsd=org/springframework/scripting/config/spring-lang-3.1.xsd, http://www.springframework.org/schema/cache/spring-cache-3.1.xsd=org/springframework/cache/config/spring-cache-3.1.xsd, http://www.springframework.org/schema/jee/spring-jee-4.0.xsd=org/springframework/ejb/config/spring-jee-4.0.xsd, http://www.springframework.org/schema/jdbc/spring-jdbc-3.0.xsd=org/springframework/jdbc/config/spring-jdbc-3.0.xsd, http://www.springframework.org/schema/task/spring-task-4.1.xsd=org/springframework/scheduling/config/spring-task-4.1.xsd, http://www.springframework.org/schema/jdbc/spring-jdbc.xsd=org/springframework/jdbc/config/spring-jdbc-4.3.xsd, http://www.springframework.org/schema/tool/spring-tool-3.1.xsd=org/springframework/beans/factory/xml/spring-tool-3.1.xsd, http://www.springframework.org/schema/tx/spring-tx-4.1.xsd=org/springframework/transaction/config/spring-tx-4.1.xsd, http://www.springframework.org/schema/cache/spring-cache-4.0.xsd=org/springframework/cache/config/spring-cache-4.0.xsd, http://www.springframework.org/schema/jee/spring-jee-3.1.xsd=org/springframework/ejb/config/spring-jee-3.1.xsd, http://www.springframework.org/schema/util/spring-util-4.2.xsd=org/springframework/beans/factory/xml/spring-util-4.2.xsd, http://www.springframework.org/schema/task/spring-task-3.2.xsd=org/springframework/scheduling/config/spring-task-3.2.xsd, http://www.springframework.org/schema/beans/spring-beans-3.1.xsd=org/springframework/beans/factory/xml/spring-beans-3.1.xsd, http://www.springframework.org/schema/util/spring-util.xsd=org/springframework/beans/factory/xml/spring-util-4.3.xsd, http://www.springframework.org/schema/aop/spring-aop-3.0.xsd=org/springframework/aop/config/spring-aop-3.0.xsd, http://www.springframework.org/schema/beans/spring-beans-4.0.xsd=org/springframework/beans/factory/xml/spring-beans-4.0.xsd, http://www.springframework.org/schema/beans/spring-beans.xsd=org/springframework/beans/factory/xml/spring-beans-4.3.xsd, http://www.springframework.org/schema/tx/spring-tx-3.1.xsd=org/springframework/transaction/config/spring-tx-3.1.xsd, http://www.springframework.org/schema/lang/spring-lang-3.0.xsd=org/springframework/scripting/config/spring-lang-3.0.xsd, http://www.springframework.org/schema/context/spring-context-2.5.xsd=org/springframework/context/config/spring-context-2.5.xsd, http://www.springframework.org/schema/context/spring-context-4.3.xsd=org/springframework/context/config/spring-context-4.3.xsd, http://www.springframework.org/schema/task/spring-task-4.0.xsd=org/springframework/scheduling/config/spring-task-4.0.xsd, http://www.springframework.org/schema/tool/spring-tool-3.0.xsd=org/springframework/beans/factory/xml/spring-tool-3.0.xsd, http://www.springframework.org/schema/tx/spring-tx-4.0.xsd=org/springframework/transaction/config/spring-tx-4.0.xsd, http://www.springframework.org/schema/aop/spring-aop-2.0.xsd=org/springframework/aop/config/spring-aop-2.0.xsd, http://www.springframework.org/schema/jee/spring-jee-3.0.xsd=org/springframework/ejb/config/spring-jee-3.0.xsd, http://www.springframework.org/schema/util/spring-util-4.1.xsd=org/springframework/beans/factory/xml/spring-util-4.1.xsd, http://www.springframework.org/schema/task/spring-task-3.1.xsd=org/springframework/scheduling/config/spring-task-3.1.xsd, http://www.springframework.org/schema/beans/spring-beans-3.0.xsd=org/springframework/beans/factory/xml/spring-beans-3.0.xsd, http://www.springframework.org/schema/jee/spring-jee.xsd=org/springframework/ejb/config/spring-jee-4.3.xsd, http://www.springframework.org/schema/aop/spring-aop-2.5.xsd=org/springframework/aop/config/spring-aop-2.5.xsd, http://www.springframework.org/schema/aop/spring-aop-4.3.xsd=org/springframework/aop/config/spring-aop-4.3.xsd, http://www.springframework.org/schema/lang/spring-lang-2.0.xsd=org/springframework/scripting/config/spring-lang-2.0.xsd, http://www.springframework.org/schema/jdbc/spring-jdbc-4.3.xsd=org/springframework/jdbc/config/spring-jdbc-4.3.xsd, http://www.springframework.org/schema/util/spring-util-3.2.xsd=org/springframework/beans/factory/xml/spring-util-3.2.xsd, http://www.springframework.org/schema/task/spring-task.xsd=org/springframework/scheduling/config/spring-task-4.3.xsd, http://www.springframework.org/schema/tool/spring-tool-2.0.xsd=org/springframework/beans/factory/xml/spring-tool-2.0.xsd, http://www.springframework.org/schema/tx/spring-tx-3.0.xsd=org/springframework/transaction/config/spring-tx-3.0.xsd, http://www.springframework.org/schema/lang/spring-lang-2.5.xsd=org/springframework/scripting/config/spring-lang-2.5.xsd, http://www.springframework.org/schema/lang/spring-lang-4.3.xsd=org/springframework/scripting/config/spring-lang-4.3.xsd, http://www.springframework.org/schema/context/spring-context-4.2.xsd=org/springframework/context/config/spring-context-4.2.xsd, http://www.springframework.org/schema/jee/spring-jee-2.0.xsd=org/springframework/ejb/config/spring-jee-2.0.xsd, http://www.springframework.org/schema/tool/spring-tool-4.3.xsd=org/springframework/beans/factory/xml/spring-tool-4.3.xsd, http://www.springframework.org/schema/tool/spring-tool-2.5.xsd=org/springframework/beans/factory/xml/spring-tool-2.5.xsd, http://www.springframework.org/schema/jee/spring-jee-4.3.xsd=org/springframework/ejb/config/spring-jee-4.3.xsd, http://www.springframework.org/schema/jee/spring-jee-2.5.xsd=org/springframework/ejb/config/spring-jee-2.5.xsd, http://www.springframework.org/schema/util/spring-util-4.0.xsd=org/springframework/beans/factory/xml/spring-util-4.0.xsd, http://www.springframework.org/schema/task/spring-task-3.0.xsd=org/springframework/scheduling/config/spring-task-3.0.xsd, http://www.springframework.org/schema/cache/spring-cache-4.3.xsd=org/springframework/cache/config/spring-cache-4.3.xsd, http://www.springframework.org/schema/aop/spring-aop-4.2.xsd=org/springframework/aop/config/spring-aop-4.2.xsd, http://www.springframework.org/schema/lang/spring-lang.xsd=org/springframework/scripting/config/spring-lang-4.3.xsd, http://www.springframework.org/schema/context/spring-context-3.2.xsd=org/springframework/context/config/spring-context-3.2.xsd, http://www.springframework.org/schema/jdbc/spring-jdbc-4.2.xsd=org/springframework/jdbc/config/spring-jdbc-4.2.xsd, http://www.springframework.org/schema/util/spring-util-3.1.xsd=org/springframework/beans/factory/xml/spring-util-3.1.xsd, http://www.springframework.org/schema/beans/spring-beans-2.0.xsd=org/springframework/beans/factory/xml/spring-beans-2.0.xsd, http://www.springframework.org/schema/cache/spring-cache.xsd=org/springframework/cache/config/spring-cache-4.3.xsd, http://www.springframework.org/schema/tx/spring-tx.xsd=org/springframework/transaction/config/spring-tx-4.3.xsd, http://www.springframework.org/schema/lang/spring-lang-4.2.xsd=org/springframework/scripting/config/spring-lang-4.2.xsd, http://www.springframework.org/schema/context/spring-context-4.1.xsd=org/springframework/context/config/spring-context-4.1.xsd, http://www.springframework.org/schema/beans/spring-beans-2.5.xsd=org/springframework/beans/factory/xml/spring-beans-2.5.xsd, http://www.springframework.org/schema/beans/spring-beans-4.3.xsd=org/springframework/beans/factory/xml/spring-beans-4.3.xsd, http://www.springframework.org/schema/tool/spring-tool-4.2.xsd=org/springframework/beans/factory/xml/spring-tool-4.2.xsd, http://www.springframework.org/schema/tx/spring-tx-2.0.xsd=org/springframework/transaction/config/spring-tx-2.0.xsd, http://www.springframework.org/schema/jee/spring-jee-4.2.xsd=org/springframework/ejb/config/spring-jee-4.2.xsd, http://www.springframework.org/schema/jdbc/spring-jdbc-3.2.xsd=org/springframework/jdbc/config/spring-jdbc-3.2.xsd, http://www.springframework.org/schema/task/spring-task-4.3.xsd=org/springframework/scheduling/config/spring-task-4.3.xsd, http://www.springframework.org/schema/aop/spring-aop.xsd=org/springframework/aop/config/spring-aop-4.3.xsd}
2017-10-02 06:08:51 DEBUG PluggableSchemaResolver:119 - Found XML schema [http://www.springframework.org/schema/beans/spring-beans.xsd] in classpath: org/springframework/beans/factory/xml/spring-beans-4.3.xsd
2017-10-02 06:08:51 DEBUG PluggableSchemaResolver:119 - Found XML schema [http://www.springframework.org/schema/context/spring-context.xsd] in classpath: org/springframework/context/config/spring-context-4.3.xsd
2017-10-02 06:08:51 DEBUG PluggableSchemaResolver:119 - Found XML schema [http://www.springframework.org/schema/tool/spring-tool-4.3.xsd] in classpath: org/springframework/beans/factory/xml/spring-tool-4.3.xsd
2017-10-02 06:08:51 DEBUG PluggableSchemaResolver:119 - Found XML schema [http://www.springframework.org/schema/tx/spring-tx.xsd] in classpath: org/springframework/transaction/config/spring-tx-4.3.xsd
2017-10-02 06:08:51 DEBUG DefaultBeanDefinitionDocumentReader:92 - Loading bean definitions
2017-10-02 06:08:51 DEBUG DefaultNamespaceHandlerResolver:157 - Loaded NamespaceHandler mappings: {http://www.springframework.org/schema/p=org.springframework.beans.factory.xml.SimplePropertyNamespaceHandler, http://www.springframework.org/schema/util=org.springframework.beans.factory.xml.UtilNamespaceHandler, http://www.springframework.org/schema/jee=org.springframework.ejb.config.JeeNamespaceHandler, http://www.springframework.org/schema/aop=org.springframework.aop.config.AopNamespaceHandler, http://www.springframework.org/schema/jdbc=org.springframework.jdbc.config.JdbcNamespaceHandler, http://www.springframework.org/schema/cache=org.springframework.cache.config.CacheNamespaceHandler, http://www.springframework.org/schema/c=org.springframework.beans.factory.xml.SimpleConstructorNamespaceHandler, http://www.springframework.org/schema/tx=org.springframework.transaction.config.TxNamespaceHandler, http://www.springframework.org/schema/task=org.springframework.scheduling.config.TaskNamespaceHandler, http://www.springframework.org/schema/lang=org.springframework.scripting.config.LangNamespaceHandler, http://www.springframework.org/schema/context=org.springframework.context.config.ContextNamespaceHandler}
2017-10-02 06:08:51 DEBUG PathMatchingResourcePatternResolver:317 - Resolved classpath location [my/] to resources [URL [file:/E:/My%20Files%20and%20Folders/Technical/eclipseTechWritingWS/Hibernate3WithSpring/target/test-classes/my/], URL [file:/E:/My%20Files%20and%20Folders/Technical/eclipseTechWritingWS/Hibernate3WithSpring/target/classes/my/]]
2017-10-02 06:08:51 DEBUG PathMatchingResourcePatternResolver:711 - Looking for matching resources in directory tree [E:\My Files and Folders\Technical\eclipseTechWritingWS\Hibernate3WithSpring\target\test-classes\my]
2017-10-02 06:08:51 DEBUG PathMatchingResourcePatternResolver:773 - Searching directory [E:\My Files and Folders\Technical\eclipseTechWritingWS\Hibernate3WithSpring\target\test-classes\my] for files matching pattern [E:/My Files and Folders/Technical/eclipseTechWritingWS/Hibernate3WithSpring/target/test-classes/my/**/*.class]
2017-10-02 06:08:51 DEBUG PathMatchingResourcePatternResolver:773 - Searching directory [E:\My Files and Folders\Technical\eclipseTechWritingWS\Hibernate3WithSpring\target\test-classes\my\test] for files matching pattern [E:/My Files and Folders/Technical/eclipseTechWritingWS/Hibernate3WithSpring/target/test-classes/my/**/*.class]
2017-10-02 06:08:51 DEBUG PathMatchingResourcePatternResolver:711 - Looking for matching resources in directory tree [E:\My Files and Folders\Technical\eclipseTechWritingWS\Hibernate3WithSpring\target\classes\my]
2017-10-02 06:08:51 DEBUG PathMatchingResourcePatternResolver:773 - Searching directory [E:\My Files and Folders\Technical\eclipseTechWritingWS\Hibernate3WithSpring\target\classes\my] for files matching pattern [E:/My Files and Folders/Technical/eclipseTechWritingWS/Hibernate3WithSpring/target/classes/my/**/*.class]
2017-10-02 06:08:51 DEBUG PathMatchingResourcePatternResolver:773 - Searching directory [E:\My Files and Folders\Technical\eclipseTechWritingWS\Hibernate3WithSpring\target\classes\my\dao] for files matching pattern [E:/My Files and Folders/Technical/eclipseTechWritingWS/Hibernate3WithSpring/target/classes/my/**/*.class]
2017-10-02 06:08:51 DEBUG PathMatchingResourcePatternResolver:773 - Searching directory [E:\My Files and Folders\Technical\eclipseTechWritingWS\Hibernate3WithSpring\target\classes\my\model] for files matching pattern [E:/My Files and Folders/Technical/eclipseTechWritingWS/Hibernate3WithSpring/target/classes/my/**/*.class]
2017-10-02 06:08:51 DEBUG PathMatchingResourcePatternResolver:773 - Searching directory [E:\My Files and Folders\Technical\eclipseTechWritingWS\Hibernate3WithSpring\target\classes\my\service] for files matching pattern [E:/My Files and Folders/Technical/eclipseTechWritingWS/Hibernate3WithSpring/target/classes/my/**/*.class]
2017-10-02 06:08:51 DEBUG PathMatchingResourcePatternResolver:773 - Searching directory [E:\My Files and Folders\Technical\eclipseTechWritingWS\Hibernate3WithSpring\target\classes\my\spring] for files matching pattern [E:/My Files and Folders/Technical/eclipseTechWritingWS/Hibernate3WithSpring/target/classes/my/**/*.class]
2017-10-02 06:08:51 DEBUG PathMatchingResourcePatternResolver:483 - Resolved location pattern [classpath*:my/**/*.class] to resources [file [E:\My Files and Folders\Technical\eclipseTechWritingWS\Hibernate3WithSpring\target\test-classes\my\test\Test123.class], file [E:\My Files and Folders\Technical\eclipseTechWritingWS\Hibernate3WithSpring\target\test-classes\my\test\TestwithXMLConfig.class], file [E:\My Files and Folders\Technical\eclipseTechWritingWS\Hibernate3WithSpring\target\classes\my\dao\AbstractHibernateDao.class], file [E:\My Files and Folders\Technical\eclipseTechWritingWS\Hibernate3WithSpring\target\classes\my\dao\EventDao.class], file [E:\My Files and Folders\Technical\eclipseTechWritingWS\Hibernate3WithSpring\target\classes\my\dao\IEventDao.class], file [E:\My Files and Folders\Technical\eclipseTechWritingWS\Hibernate3WithSpring\target\classes\my\dao\IOperations.class], file [E:\My Files and Folders\Technical\eclipseTechWritingWS\Hibernate3WithSpring\target\classes\my\model\Event.class], file [E:\My Files and Folders\Technical\eclipseTechWritingWS\Hibernate3WithSpring\target\classes\my\service\EventService.class], file [E:\My Files and Folders\Technical\eclipseTechWritingWS\Hibernate3WithSpring\target\classes\my\spring\PersistenceConfig.class]]
2017-10-02 06:08:51 DEBUG ClassPathBeanDefinitionScanner:286 - Identified candidate component class: file [E:\My Files and Folders\Technical\eclipseTechWritingWS\Hibernate3WithSpring\target\classes\my\dao\EventDao.class]
2017-10-02 06:08:51 DEBUG ClassPathBeanDefinitionScanner:286 - Identified candidate component class: file [E:\My Files and Folders\Technical\eclipseTechWritingWS\Hibernate3WithSpring\target\classes\my\service\EventService.class]
2017-10-02 06:08:51 DEBUG ClassPathBeanDefinitionScanner:286 - Identified candidate component class: file [E:\My Files and Folders\Technical\eclipseTechWritingWS\Hibernate3WithSpring\target\classes\my\spring\PersistenceConfig.class]
2017-10-02 06:08:51 DEBUG XmlBeanDefinitionReader:224 - Loaded 18 bean definitions from location pattern [classpath:spring-config.xml]
2017-10-02 06:08:51 INFO  GenericApplicationContext:582 - Refreshing org.springframework.context.support.GenericApplicationContext@37ebc9d8: startup date [Mon Oct 02 06:08:51 IST 2017]; root of context hierarchy
2017-10-02 06:08:51 DEBUG GenericApplicationContext:616 - Bean factory for org.springframework.context.support.GenericApplicationContext@37ebc9d8: org.springframework.beans.factory.support.DefaultListableBeanFactory@7eb01b12: defining beans [org.springframework.context.annotation.internalConfigurationAnnotationProcessor,org.springframework.context.annotation.internalAutowiredAnnotationProcessor,org.springframework.context.annotation.internalRequiredAnnotationProcessor,org.springframework.context.annotation.internalCommonAnnotationProcessor,org.springframework.context.annotation.internalPersistenceAnnotationProcessor,org.springframework.context.event.internalEventListenerProcessor,org.springframework.context.event.internalEventListenerFactory,eventDao,eventService,persistenceConfig,dataSource,sessionFactory,org.springframework.transaction.config.internalTransactionalEventListenerFactory,org.springframework.aop.config.internalAutoProxyCreator,org.springframework.transaction.annotation.AnnotationTransactionAttributeSource#0,org.springframework.transaction.interceptor.TransactionInterceptor#0,org.springframework.transaction.config.internalTransactionAdvisor,transactionManager]; root of factory hierarchy
2017-10-02 06:08:51 DEBUG DefaultListableBeanFactory:221 - Creating shared instance of singleton bean &apos;org.springframework.context.annotation.internalConfigurationAnnotationProcessor&apos;
2017-10-02 06:08:51 DEBUG DefaultListableBeanFactory:448 - Creating instance of bean &apos;org.springframework.context.annotation.internalConfigurationAnnotationProcessor&apos;
2017-10-02 06:08:51 DEBUG DefaultListableBeanFactory:537 - Eagerly caching bean &apos;org.springframework.context.annotation.internalConfigurationAnnotationProcessor&apos; to allow for resolving potential circular references
2017-10-02 06:08:51 DEBUG DefaultListableBeanFactory:484 - Finished creating instance of bean &apos;org.springframework.context.annotation.internalConfigurationAnnotationProcessor&apos;
2017-10-02 06:08:51 DEBUG StandardEnvironment:109 - Adding [class path resource [persistence-mysql.properties]] PropertySource with lowest search precedence
2017-10-02 06:08:51 DEBUG StandardEnvironment:109 - Adding [systemProperties] PropertySource with lowest search precedence
2017-10-02 06:08:51 DEBUG StandardEnvironment:109 - Adding [systemEnvironment] PropertySource with lowest search precedence
2017-10-02 06:08:51 DEBUG StandardEnvironment:124 - Initialized StandardEnvironment with PropertySources [systemProperties,systemEnvironment]
2017-10-02 06:08:51 DEBUG PathMatchingResourcePatternResolver:317 - Resolved classpath location [my/dao/] to resources [URL [file:/E:/My%20Files%20and%20Folders/Technical/eclipseTechWritingWS/Hibernate3WithSpring/target/classes/my/dao/]]
2017-10-02 06:08:51 DEBUG PathMatchingResourcePatternResolver:711 - Looking for matching resources in directory tree [E:\My Files and Folders\Technical\eclipseTechWritingWS\Hibernate3WithSpring\target\classes\my\dao]
2017-10-02 06:08:51 DEBUG PathMatchingResourcePatternResolver:773 - Searching directory [E:\My Files and Folders\Technical\eclipseTechWritingWS\Hibernate3WithSpring\target\classes\my\dao] for files matching pattern [E:/My Files and Folders/Technical/eclipseTechWritingWS/Hibernate3WithSpring/target/classes/my/dao/**/*.class]
2017-10-02 06:08:51 DEBUG PathMatchingResourcePatternResolver:483 - Resolved location pattern [classpath*:my/dao/**/*.class] to resources [file [E:\My Files and Folders\Technical\eclipseTechWritingWS\Hibernate3WithSpring\target\classes\my\dao\AbstractHibernateDao.class], file [E:\My Files and Folders\Technical\eclipseTechWritingWS\Hibernate3WithSpring\target\classes\my\dao\EventDao.class], file [E:\My Files and Folders\Technical\eclipseTechWritingWS\Hibernate3WithSpring\target\classes\my\dao\IEventDao.class], file [E:\My Files and Folders\Technical\eclipseTechWritingWS\Hibernate3WithSpring\target\classes\my\dao\IOperations.class]]
2017-10-02 06:08:51 DEBUG ClassPathBeanDefinitionScanner:286 - Identified candidate component class: file [E:\My Files and Folders\Technical\eclipseTechWritingWS\Hibernate3WithSpring\target\classes\my\dao\EventDao.class]
2017-10-02 06:08:51 DEBUG PathMatchingResourcePatternResolver:317 - Resolved classpath location [my/service/] to resources [URL [file:/E:/My%20Files%20and%20Folders/Technical/eclipseTechWritingWS/Hibernate3WithSpring/target/classes/my/service/]]
2017-10-02 06:08:51 DEBUG PathMatchingResourcePatternResolver:711 - Looking for matching resources in directory tree [E:\My Files and Folders\Technical\eclipseTechWritingWS\Hibernate3WithSpring\target\classes\my\service]
2017-10-02 06:08:51 DEBUG PathMatchingResourcePatternResolver:773 - Searching directory [E:\My Files and Folders\Technical\eclipseTechWritingWS\Hibernate3WithSpring\target\classes\my\service] for files matching pattern [E:/My Files and Folders/Technical/eclipseTechWritingWS/Hibernate3WithSpring/target/classes/my/service/**/*.class]
2017-10-02 06:08:51 DEBUG PathMatchingResourcePatternResolver:483 - Resolved location pattern [classpath*:my/service/**/*.class] to resources [file [E:\My Files and Folders\Technical\eclipseTechWritingWS\Hibernate3WithSpring\target\classes\my\service\EventService.class]]
2017-10-02 06:08:51 DEBUG ClassPathBeanDefinitionScanner:286 - Identified candidate component class: file [E:\My Files and Folders\Technical\eclipseTechWritingWS\Hibernate3WithSpring\target\classes\my\service\EventService.class]
2017-10-02 06:08:51 DEBUG PathMatchingResourcePatternResolver:317 - Resolved classpath location [my/use/] to resources []
2017-10-02 06:08:51 DEBUG PathMatchingResourcePatternResolver:483 - Resolved location pattern [classpath*:my/use/**/*.class] to resources []
2017-10-02 06:08:51 DEBUG ConfigurationClassBeanDefinitionReader:164 - Registered bean definition for imported class &apos;org.springframework.transaction.annotation.ProxyTransactionManagementConfiguration&apos;
2017-10-02 06:08:51 DEBUG ConfigurationClassBeanDefinitionReader:256 - Registering bean definition for @Bean method org.springframework.transaction.annotation.ProxyTransactionManagementConfiguration.org.springframework.transaction.config.internalTransactionAdvisor()
2017-10-02 06:08:51 INFO  DefaultListableBeanFactory:821 - Overriding bean definition for bean &apos;org.springframework.transaction.config.internalTransactionAdvisor&apos; with a different definition: replacing [Root bean: class [org.springframework.transaction.interceptor.BeanFactoryTransactionAttributeSourceAdvisor]; scope=; abstract=false; lazyInit=false; autowireMode=0; dependencyCheck=0; autowireCandidate=true; primary=false; factoryBeanName=null; factoryMethodName=null; initMethodName=null; destroyMethodName=null] with [Root bean: class [null]; scope=; abstract=false; lazyInit=false; autowireMode=3; dependencyCheck=0; autowireCandidate=true; primary=false; factoryBeanName=org.springframework.transaction.annotation.ProxyTransactionManagementConfiguration; factoryMethodName=transactionAdvisor; initMethodName=null; destroyMethodName=(inferred); defined in class path resource [org/springframework/transaction/annotation/ProxyTransactionManagementConfiguration.class]]
2017-10-02 06:08:51 DEBUG ConfigurationClassBeanDefinitionReader:256 - Registering bean definition for @Bean method org.springframework.transaction.annotation.ProxyTransactionManagementConfiguration.transactionAttributeSource()
2017-10-02 06:08:51 DEBUG ConfigurationClassBeanDefinitionReader:256 - Registering bean definition for @Bean method org.springframework.transaction.annotation.ProxyTransactionManagementConfiguration.transactionInterceptor()
2017-10-02 06:08:51 INFO  ConfigurationClassBeanDefinitionReader:298 - Skipping bean definition for [BeanMethod:name=transactionalEventListenerFactory,declaringClass=org.springframework.transaction.annotation.AbstractTransactionManagementConfiguration]: a definition for bean &apos;org.springframework.transaction.config.internalTransactionalEventListenerFactory&apos; already exists. This top-level bean definition is considered as an override.
2017-10-02 06:08:51 INFO  ConfigurationClassBeanDefinitionReader:298 - Skipping bean definition for [BeanMethod:name=sessionFactory,declaringClass=my.spring.PersistenceConfig]: a definition for bean &apos;sessionFactory&apos; already exists. This top-level bean definition is considered as an override.
2017-10-02 06:08:51 INFO  ConfigurationClassBeanDefinitionReader:298 - Skipping bean definition for [BeanMethod:name=dataSource,declaringClass=my.spring.PersistenceConfig]: a definition for bean &apos;dataSource&apos; already exists. This top-level bean definition is considered as an override.
2017-10-02 06:08:51 INFO  ConfigurationClassBeanDefinitionReader:298 - Skipping bean definition for [BeanMethod:name=transactionManager,declaringClass=my.spring.PersistenceConfig]: a definition for bean &apos;transactionManager&apos; already exists. This top-level bean definition is considered as an override.
2017-10-02 06:08:51 DEBUG ConfigurationClassBeanDefinitionReader:256 - Registering bean definition for @Bean method my.spring.PersistenceConfig.exceptionTranslation()
2017-10-02 06:08:51 DEBUG ConfigurationClassEnhancer:109 - Successfully enhanced my.spring.PersistenceConfig; enhanced class name is: my.spring.PersistenceConfig$$EnhancerBySpringCGLIB$$66968a40
2017-10-02 06:08:51 DEBUG ConfigurationClassPostProcessor:412 - Replacing bean definition &apos;persistenceConfig&apos; existing class &apos;my.spring.PersistenceConfig&apos; with enhanced class &apos;my.spring.PersistenceConfig$$EnhancerBySpringCGLIB$$66968a40&apos;
2017-10-02 06:08:51 DEBUG ConfigurationClassEnhancer:109 - Successfully enhanced org.springframework.transaction.annotation.ProxyTransactionManagementConfiguration; enhanced class name is: org.springframework.transaction.annotation.ProxyTransactionManagementConfiguration$$EnhancerBySpringCGLIB$$330a3999
2017-10-02 06:08:51 DEBUG ConfigurationClassPostProcessor:412 - Replacing bean definition &apos;org.springframework.transaction.annotation.ProxyTransactionManagementConfiguration&apos; existing class &apos;org.springframework.transaction.annotation.ProxyTransactionManagementConfiguration&apos; with enhanced class &apos;org.springframework.transaction.annotation.ProxyTransactionManagementConfiguration$$EnhancerBySpringCGLIB$$330a3999&apos;
2017-10-02 06:08:51 DEBUG DefaultListableBeanFactory:221 - Creating shared instance of singleton bean &apos;org.springframework.context.annotation.internalAutowiredAnnotationProcessor&apos;
2017-10-02 06:08:51 DEBUG DefaultListableBeanFactory:448 - Creating instance of bean &apos;org.springframework.context.annotation.internalAutowiredAnnotationProcessor&apos;
2017-10-02 06:08:51 DEBUG DefaultListableBeanFactory:537 - Eagerly caching bean &apos;org.springframework.context.annotation.internalAutowiredAnnotationProcessor&apos; to allow for resolving potential circular references
2017-10-02 06:08:51 DEBUG DefaultListableBeanFactory:484 - Finished creating instance of bean &apos;org.springframework.context.annotation.internalAutowiredAnnotationProcessor&apos;
2017-10-02 06:08:51 DEBUG DefaultListableBeanFactory:221 - Creating shared instance of singleton bean &apos;org.springframework.context.annotation.internalRequiredAnnotationProcessor&apos;
2017-10-02 06:08:51 DEBUG DefaultListableBeanFactory:448 - Creating instance of bean &apos;org.springframework.context.annotation.internalRequiredAnnotationProcessor&apos;
2017-10-02 06:08:51 DEBUG DefaultListableBeanFactory:537 - Eagerly caching bean &apos;org.springframework.context.annotation.internalRequiredAnnotationProcessor&apos; to allow for resolving potential circular references
2017-10-02 06:08:51 DEBUG DefaultListableBeanFactory:484 - Finished creating instance of bean &apos;org.springframework.context.annotation.internalRequiredAnnotationProcessor&apos;
2017-10-02 06:08:51 DEBUG DefaultListableBeanFactory:221 - Creating shared instance of singleton bean &apos;org.springframework.context.annotation.internalCommonAnnotationProcessor&apos;
2017-10-02 06:08:51 DEBUG DefaultListableBeanFactory:448 - Creating instance of bean &apos;org.springframework.context.annotation.internalCommonAnnotationProcessor&apos;
2017-10-02 06:08:51 DEBUG DefaultListableBeanFactory:537 - Eagerly caching bean &apos;org.springframework.context.annotation.internalCommonAnnotationProcessor&apos; to allow for resolving potential circular references
2017-10-02 06:08:51 DEBUG DefaultListableBeanFactory:484 - Finished creating instance of bean &apos;org.springframework.context.annotation.internalCommonAnnotationProcessor&apos;
2017-10-02 06:08:51 DEBUG DefaultListableBeanFactory:221 - Creating shared instance of singleton bean &apos;org.springframework.context.annotation.internalPersistenceAnnotationProcessor&apos;
2017-10-02 06:08:51 DEBUG DefaultListableBeanFactory:448 - Creating instance of bean &apos;org.springframework.context.annotation.internalPersistenceAnnotationProcessor&apos;
2017-10-02 06:08:51 DEBUG DefaultListableBeanFactory:537 - Eagerly caching bean &apos;org.springframework.context.annotation.internalPersistenceAnnotationProcessor&apos; to allow for resolving potential circular references
2017-10-02 06:08:51 DEBUG DefaultListableBeanFactory:484 - Finished creating instance of bean &apos;org.springframework.context.annotation.internalPersistenceAnnotationProcessor&apos;
2017-10-02 06:08:51 DEBUG DefaultListableBeanFactory:221 - Creating shared instance of singleton bean &apos;org.springframework.context.annotation.ConfigurationClassPostProcessor.importAwareProcessor&apos;
2017-10-02 06:08:51 DEBUG DefaultListableBeanFactory:448 - Creating instance of bean &apos;org.springframework.context.annotation.ConfigurationClassPostProcessor.importAwareProcessor&apos;
2017-10-02 06:08:51 DEBUG DefaultListableBeanFactory:537 - Eagerly caching bean &apos;org.springframework.context.annotation.ConfigurationClassPostProcessor.importAwareProcessor&apos; to allow for resolving potential circular references
2017-10-02 06:08:51 DEBUG DefaultListableBeanFactory:484 - Finished creating instance of bean &apos;org.springframework.context.annotation.ConfigurationClassPostProcessor.importAwareProcessor&apos;
2017-10-02 06:08:51 DEBUG DefaultListableBeanFactory:221 - Creating shared instance of singleton bean &apos;org.springframework.context.annotation.ConfigurationClassPostProcessor.enhancedConfigurationProcessor&apos;
2017-10-02 06:08:51 DEBUG DefaultListableBeanFactory:448 - Creating instance of bean &apos;org.springframework.context.annotation.ConfigurationClassPostProcessor.enhancedConfigurationProcessor&apos;
2017-10-02 06:08:51 DEBUG DefaultListableBeanFactory:537 - Eagerly caching bean &apos;org.springframework.context.annotation.ConfigurationClassPostProcessor.enhancedConfigurationProcessor&apos; to allow for resolving potential circular references
2017-10-02 06:08:51 DEBUG DefaultListableBeanFactory:484 - Finished creating instance of bean &apos;org.springframework.context.annotation.ConfigurationClassPostProcessor.enhancedConfigurationProcessor&apos;
2017-10-02 06:08:51 DEBUG DefaultListableBeanFactory:221 - Creating shared instance of singleton bean &apos;org.springframework.aop.config.internalAutoProxyCreator&apos;
2017-10-02 06:08:51 DEBUG DefaultListableBeanFactory:448 - Creating instance of bean &apos;org.springframework.aop.config.internalAutoProxyCreator&apos;
2017-10-02 06:08:51 DEBUG DefaultListableBeanFactory:537 - Eagerly caching bean &apos;org.springframework.aop.config.internalAutoProxyCreator&apos; to allow for resolving potential circular references
2017-10-02 06:08:51 DEBUG DefaultListableBeanFactory:484 - Finished creating instance of bean &apos;org.springframework.aop.config.internalAutoProxyCreator&apos;
2017-10-02 06:08:51 DEBUG DefaultListableBeanFactory:221 - Creating shared instance of singleton bean &apos;exceptionTranslation&apos;
2017-10-02 06:08:51 DEBUG DefaultListableBeanFactory:448 - Creating instance of bean &apos;exceptionTranslation&apos;
2017-10-02 06:08:51 DEBUG DefaultListableBeanFactory:221 - Creating shared instance of singleton bean &apos;persistenceConfig&apos;
2017-10-02 06:08:51 DEBUG DefaultListableBeanFactory:448 - Creating instance of bean &apos;persistenceConfig&apos;
2017-10-02 06:08:51 DEBUG InjectionMetadata:72 - Registered injected element on class [my.spring.PersistenceConfig$$EnhancerBySpringCGLIB$$66968a40]: AutowiredFieldElement for private org.springframework.core.env.Environment my.spring.PersistenceConfig.env
2017-10-02 06:08:51 DEBUG DefaultListableBeanFactory:537 - Eagerly caching bean &apos;persistenceConfig&apos; to allow for resolving potential circular references
2017-10-02 06:08:51 DEBUG InjectionMetadata:86 - Processing injected element of bean &apos;persistenceConfig&apos;: AutowiredFieldElement for private org.springframework.core.env.Environment my.spring.PersistenceConfig.env
2017-10-02 06:08:51 DEBUG DefaultListableBeanFactory:251 - Returning cached instance of singleton bean &apos;environment&apos;
2017-10-02 06:08:51 DEBUG AutowiredAnnotationBeanPostProcessor:539 - Autowiring by type from bean name &apos;persistenceConfig&apos; to bean named &apos;environment&apos;
2017-10-02 06:08:51 INFO  PostProcessorRegistrationDelegate$BeanPostProcessorChecker:325 - Bean &apos;persistenceConfig&apos; of type [class my.spring.PersistenceConfig$$EnhancerBySpringCGLIB$$66968a40] is not eligible for getting processed by all BeanPostProcessors (for example: not eligible for auto-proxying)
2017-10-02 06:08:51 DEBUG DefaultListableBeanFactory:484 - Finished creating instance of bean &apos;persistenceConfig&apos;
2017-10-02 06:08:51 DEBUG DefaultListableBeanFactory:537 - Eagerly caching bean &apos;exceptionTranslation&apos; to allow for resolving potential circular references
2017-10-02 06:08:51 DEBUG DefaultListableBeanFactory:484 - Finished creating instance of bean &apos;exceptionTranslation&apos;
2017-10-02 06:08:51 DEBUG GenericApplicationContext:733 - Unable to locate MessageSource with name &apos;messageSource&apos;: using default [org.springframework.context.support.DelegatingMessageSource@24a1c17f]
2017-10-02 06:08:51 DEBUG GenericApplicationContext:757 - Unable to locate ApplicationEventMulticaster with name &apos;applicationEventMulticaster&apos;: using default [org.springframework.context.event.SimpleApplicationEventMulticaster@56102e1c]
2017-10-02 06:08:51 DEBUG DefaultListableBeanFactory:723 - Pre-instantiating singletons in org.springframework.beans.factory.support.DefaultListableBeanFactory@7eb01b12: defining beans [org.springframework.context.annotation.internalConfigurationAnnotationProcessor,org.springframework.context.annotation.internalAutowiredAnnotationProcessor,org.springframework.context.annotation.internalRequiredAnnotationProcessor,org.springframework.context.annotation.internalCommonAnnotationProcessor,org.springframework.context.annotation.internalPersistenceAnnotationProcessor,org.springframework.context.event.internalEventListenerProcessor,org.springframework.context.event.internalEventListenerFactory,eventDao,eventService,persistenceConfig,dataSource,sessionFactory,org.springframework.transaction.config.internalTransactionalEventListenerFactory,org.springframework.aop.config.internalAutoProxyCreator,org.springframework.transaction.annotation.AnnotationTransactionAttributeSource#0,org.springframework.transaction.interceptor.TransactionInterceptor#0,org.springframework.transaction.config.internalTransactionAdvisor,transactionManager,org.springframework.context.annotation.ConfigurationClassPostProcessor.importAwareProcessor,org.springframework.context.annotation.ConfigurationClassPostProcessor.enhancedConfigurationProcessor,org.springframework.transaction.annotation.ProxyTransactionManagementConfiguration,transactionAttributeSource,transactionInterceptor,exceptionTranslation]; root of factory hierarchy
2017-10-02 06:08:51 DEBUG DefaultListableBeanFactory:251 - Returning cached instance of singleton bean &apos;org.springframework.context.annotation.internalConfigurationAnnotationProcessor&apos;
2017-10-02 06:08:51 DEBUG DefaultListableBeanFactory:251 - Returning cached instance of singleton bean &apos;org.springframework.context.annotation.internalAutowiredAnnotationProcessor&apos;
2017-10-02 06:08:51 DEBUG DefaultListableBeanFactory:251 - Returning cached instance of singleton bean &apos;org.springframework.context.annotation.internalRequiredAnnotationProcessor&apos;
2017-10-02 06:08:51 DEBUG DefaultListableBeanFactory:251 - Returning cached instance of singleton bean &apos;org.springframework.context.annotation.internalCommonAnnotationProcessor&apos;
2017-10-02 06:08:51 DEBUG DefaultListableBeanFactory:251 - Returning cached instance of singleton bean &apos;org.springframework.context.annotation.internalPersistenceAnnotationProcessor&apos;
2017-10-02 06:08:51 DEBUG DefaultListableBeanFactory:221 - Creating shared instance of singleton bean &apos;org.springframework.context.event.internalEventListenerProcessor&apos;
2017-10-02 06:08:51 DEBUG DefaultListableBeanFactory:448 - Creating instance of bean &apos;org.springframework.context.event.internalEventListenerProcessor&apos;
2017-10-02 06:08:51 DEBUG DefaultListableBeanFactory:537 - Eagerly caching bean &apos;org.springframework.context.event.internalEventListenerProcessor&apos; to allow for resolving potential circular references
2017-10-02 06:08:51 DEBUG DefaultListableBeanFactory:221 - Creating shared instance of singleton bean &apos;org.springframework.transaction.config.internalTransactionAdvisor&apos;
2017-10-02 06:08:51 DEBUG DefaultListableBeanFactory:448 - Creating instance of bean &apos;org.springframework.transaction.config.internalTransactionAdvisor&apos;
2017-10-02 06:08:51 DEBUG DefaultListableBeanFactory:221 - Creating shared instance of singleton bean &apos;org.springframework.transaction.annotation.ProxyTransactionManagementConfiguration&apos;
2017-10-02 06:08:51 DEBUG DefaultListableBeanFactory:448 - Creating instance of bean &apos;org.springframework.transaction.annotation.ProxyTransactionManagementConfiguration&apos;
2017-10-02 06:08:51 DEBUG InjectionMetadata:72 - Registered injected element on class [org.springframework.transaction.annotation.ProxyTransactionManagementConfiguration$$EnhancerBySpringCGLIB$$330a3999]: AutowiredMethodElement for void org.springframework.transaction.annotation.AbstractTransactionManagementConfiguration.setConfigurers(java.util.Collection)
2017-10-02 06:08:51 DEBUG DefaultListableBeanFactory:537 - Eagerly caching bean &apos;org.springframework.transaction.annotation.ProxyTransactionManagementConfiguration&apos; to allow for resolving potential circular references
2017-10-02 06:08:51 DEBUG InjectionMetadata:86 - Processing injected element of bean &apos;org.springframework.transaction.annotation.ProxyTransactionManagementConfiguration&apos;: AutowiredMethodElement for void org.springframework.transaction.annotation.AbstractTransactionManagementConfiguration.setConfigurers(java.util.Collection)
2017-10-02 06:08:51 DEBUG DefaultListableBeanFactory:251 - Returning cached instance of singleton bean &apos;org.springframework.context.annotation.ConfigurationClassPostProcessor.importRegistry&apos;
2017-10-02 06:08:51 DEBUG BeanFactoryAdvisorRetrievalHelper:87 - Skipping currently created advisor &apos;org.springframework.transaction.config.internalTransactionAdvisor&apos;
2017-10-02 06:08:51 DEBUG DefaultListableBeanFactory:484 - Finished creating instance of bean &apos;org.springframework.transaction.annotation.ProxyTransactionManagementConfiguration&apos;
2017-10-02 06:08:51 DEBUG DefaultListableBeanFactory:221 - Creating shared instance of singleton bean &apos;transactionAttributeSource&apos;
2017-10-02 06:08:51 DEBUG DefaultListableBeanFactory:448 - Creating instance of bean &apos;transactionAttributeSource&apos;
2017-10-02 06:08:51 DEBUG DefaultListableBeanFactory:251 - Returning cached instance of singleton bean &apos;org.springframework.transaction.annotation.ProxyTransactionManagementConfiguration&apos;
2017-10-02 06:08:51 DEBUG DefaultListableBeanFactory:537 - Eagerly caching bean &apos;transactionAttributeSource&apos; to allow for resolving potential circular references
2017-10-02 06:08:51 DEBUG BeanFactoryAdvisorRetrievalHelper:87 - Skipping currently created advisor &apos;org.springframework.transaction.config.internalTransactionAdvisor&apos;
2017-10-02 06:08:51 DEBUG DefaultListableBeanFactory:484 - Finished creating instance of bean &apos;transactionAttributeSource&apos;
2017-10-02 06:08:51 DEBUG DefaultListableBeanFactory:221 - Creating shared instance of singleton bean &apos;transactionInterceptor&apos;
2017-10-02 06:08:51 DEBUG DefaultListableBeanFactory:448 - Creating instance of bean &apos;transactionInterceptor&apos;
2017-10-02 06:08:51 DEBUG DefaultListableBeanFactory:251 - Returning cached instance of singleton bean &apos;org.springframework.transaction.annotation.ProxyTransactionManagementConfiguration&apos;
2017-10-02 06:08:51 DEBUG DefaultListableBeanFactory:251 - Returning cached instance of singleton bean &apos;transactionAttributeSource&apos;
2017-10-02 06:08:51 DEBUG DefaultListableBeanFactory:537 - Eagerly caching bean &apos;transactionInterceptor&apos; to allow for resolving potential circular references
2017-10-02 06:08:51 DEBUG DefaultListableBeanFactory:1625 - Invoking afterPropertiesSet() on bean with name &apos;transactionInterceptor&apos;
2017-10-02 06:08:51 DEBUG DefaultListableBeanFactory:484 - Finished creating instance of bean &apos;transactionInterceptor&apos;
2017-10-02 06:08:51 DEBUG DefaultListableBeanFactory:537 - Eagerly caching bean &apos;org.springframework.transaction.config.internalTransactionAdvisor&apos; to allow for resolving potential circular references
2017-10-02 06:08:51 DEBUG DefaultListableBeanFactory:484 - Finished creating instance of bean &apos;org.springframework.transaction.config.internalTransactionAdvisor&apos;
2017-10-02 06:08:51 DEBUG DefaultListableBeanFactory:484 - Finished creating instance of bean &apos;org.springframework.context.event.internalEventListenerProcessor&apos;
2017-10-02 06:08:51 DEBUG DefaultListableBeanFactory:221 - Creating shared instance of singleton bean &apos;org.springframework.context.event.internalEventListenerFactory&apos;
2017-10-02 06:08:51 DEBUG DefaultListableBeanFactory:448 - Creating instance of bean &apos;org.springframework.context.event.internalEventListenerFactory&apos;
2017-10-02 06:08:51 DEBUG DefaultListableBeanFactory:537 - Eagerly caching bean &apos;org.springframework.context.event.internalEventListenerFactory&apos; to allow for resolving potential circular references
2017-10-02 06:08:51 DEBUG DefaultListableBeanFactory:251 - Returning cached instance of singleton bean &apos;org.springframework.transaction.config.internalTransactionAdvisor&apos;
2017-10-02 06:08:51 DEBUG DefaultListableBeanFactory:484 - Finished creating instance of bean &apos;org.springframework.context.event.internalEventListenerFactory&apos;
2017-10-02 06:08:51 DEBUG DefaultListableBeanFactory:221 - Creating shared instance of singleton bean &apos;eventDao&apos;
2017-10-02 06:08:51 DEBUG DefaultListableBeanFactory:448 - Creating instance of bean &apos;eventDao&apos;
2017-10-02 06:08:51 DEBUG InjectionMetadata:72 - Registered injected element on class [my.dao.EventDao]: AutowiredFieldElement for private org.hibernate.SessionFactory my.dao.AbstractHibernateDao.sessionFactory
2017-10-02 06:08:51 DEBUG DefaultListableBeanFactory:537 - Eagerly caching bean &apos;eventDao&apos; to allow for resolving potential circular references
2017-10-02 06:08:51 DEBUG InjectionMetadata:86 - Processing injected element of bean &apos;eventDao&apos;: AutowiredFieldElement for private org.hibernate.SessionFactory my.dao.AbstractHibernateDao.sessionFactory
2017-10-02 06:08:51 DEBUG DefaultListableBeanFactory:221 - Creating shared instance of singleton bean &apos;sessionFactory&apos;
2017-10-02 06:08:51 DEBUG DefaultListableBeanFactory:448 - Creating instance of bean &apos;sessionFactory&apos;
2017-10-02 06:08:51 DEBUG DefaultListableBeanFactory:537 - Eagerly caching bean &apos;sessionFactory&apos; to allow for resolving potential circular references
2017-10-02 06:08:51 DEBUG DefaultListableBeanFactory:221 - Creating shared instance of singleton bean &apos;dataSource&apos;
2017-10-02 06:08:51 DEBUG DefaultListableBeanFactory:448 - Creating instance of bean &apos;dataSource&apos;
2017-10-02 06:08:51 DEBUG DefaultListableBeanFactory:537 - Eagerly caching bean &apos;dataSource&apos; to allow for resolving potential circular references
2017-10-02 06:08:51 DEBUG DefaultListableBeanFactory:251 - Returning cached instance of singleton bean &apos;org.springframework.transaction.config.internalTransactionAdvisor&apos;
2017-10-02 06:08:51 DEBUG DefaultListableBeanFactory:484 - Finished creating instance of bean &apos;dataSource&apos;
2017-10-02 06:08:51 DEBUG DefaultListableBeanFactory:1625 - Invoking afterPropertiesSet() on bean with name &apos;sessionFactory&apos;
2017-10-02 06:08:53 INFO  LocalSessionFactoryBean:715 - Building new Hibernate SessionFactory
2017-10-02 06:08:53 DEBUG DefaultListableBeanFactory:251 - Returning cached instance of singleton bean &apos;org.springframework.transaction.config.internalTransactionAdvisor&apos;
2017-10-02 06:08:53 DEBUG DefaultListableBeanFactory:484 - Finished creating instance of bean &apos;sessionFactory&apos;
2017-10-02 06:08:53 DEBUG DefaultListableBeanFactory:251 - Returning cached instance of singleton bean &apos;org.springframework.transaction.config.internalTransactionAdvisor&apos;
2017-10-02 06:08:53 DEBUG AutowiredAnnotationBeanPostProcessor:539 - Autowiring by type from bean name &apos;eventDao&apos; to bean named &apos;sessionFactory&apos;
2017-10-02 06:08:53 DEBUG DefaultListableBeanFactory:251 - Returning cached instance of singleton bean &apos;org.springframework.transaction.config.internalTransactionAdvisor&apos;
2017-10-02 06:08:53 DEBUG JdkDynamicAopProxy:118 - Creating JDK dynamic proxy: target source is SingletonTargetSource for target object [my.dao.EventDao@352c308]
2017-10-02 06:08:53 DEBUG DefaultListableBeanFactory:484 - Finished creating instance of bean &apos;eventDao&apos;
2017-10-02 06:08:53 DEBUG DefaultListableBeanFactory:221 - Creating shared instance of singleton bean &apos;eventService&apos;
2017-10-02 06:08:53 DEBUG DefaultListableBeanFactory:448 - Creating instance of bean &apos;eventService&apos;
2017-10-02 06:08:53 DEBUG InjectionMetadata:72 - Registered injected element on class [my.service.EventService]: AutowiredFieldElement for private my.dao.IEventDao my.service.EventService.dao
2017-10-02 06:08:53 DEBUG DefaultListableBeanFactory:537 - Eagerly caching bean &apos;eventService&apos; to allow for resolving potential circular references
2017-10-02 06:08:53 DEBUG InjectionMetadata:86 - Processing injected element of bean &apos;eventService&apos;: AutowiredFieldElement for private my.dao.IEventDao my.service.EventService.dao
2017-10-02 06:08:53 DEBUG DefaultListableBeanFactory:251 - Returning cached instance of singleton bean &apos;eventDao&apos;
2017-10-02 06:08:53 DEBUG AutowiredAnnotationBeanPostProcessor:539 - Autowiring by type from bean name &apos;eventService&apos; to bean named &apos;eventDao&apos;
2017-10-02 06:08:53 DEBUG DefaultListableBeanFactory:251 - Returning cached instance of singleton bean &apos;org.springframework.transaction.config.internalTransactionAdvisor&apos;
2017-10-02 06:08:53 DEBUG AnnotationTransactionAttributeSource:111 - Adding transactional method &apos;my.service.EventService.create&apos; with attribute: PROPAGATION_REQUIRED,ISOLATION_DEFAULT; &apos;&apos;
2017-10-02 06:08:53 DEBUG InfrastructureAdvisorAutoProxyCreator:528 - Creating implicit proxy for bean &apos;eventService&apos; with 0 common interceptors and 1 specific interceptors
2017-10-02 06:08:53 DEBUG CglibAopProxy:159 - Creating CGLIB proxy: target source is SingletonTargetSource for target object [my.service.EventService@6d6bc158]
2017-10-02 06:08:53 DEBUG DefaultListableBeanFactory:484 - Finished creating instance of bean &apos;eventService&apos;
2017-10-02 06:08:53 DEBUG DefaultListableBeanFactory:251 - Returning cached instance of singleton bean &apos;persistenceConfig&apos;
2017-10-02 06:08:53 DEBUG DefaultListableBeanFactory:251 - Returning cached instance of singleton bean &apos;dataSource&apos;
2017-10-02 06:08:53 DEBUG DefaultListableBeanFactory:251 - Returning cached instance of singleton bean &apos;sessionFactory&apos;
2017-10-02 06:08:53 DEBUG DefaultListableBeanFactory:221 - Creating shared instance of singleton bean &apos;org.springframework.transaction.config.internalTransactionalEventListenerFactory&apos;
2017-10-02 06:08:53 DEBUG DefaultListableBeanFactory:448 - Creating instance of bean &apos;org.springframework.transaction.config.internalTransactionalEventListenerFactory&apos;
2017-10-02 06:08:53 DEBUG DefaultListableBeanFactory:537 - Eagerly caching bean &apos;org.springframework.transaction.config.internalTransactionalEventListenerFactory&apos; to allow for resolving potential circular references
2017-10-02 06:08:53 DEBUG DefaultListableBeanFactory:251 - Returning cached instance of singleton bean &apos;org.springframework.transaction.config.internalTransactionAdvisor&apos;
2017-10-02 06:08:53 DEBUG DefaultListableBeanFactory:484 - Finished creating instance of bean &apos;org.springframework.transaction.config.internalTransactionalEventListenerFactory&apos;
2017-10-02 06:08:53 DEBUG DefaultListableBeanFactory:251 - Returning cached instance of singleton bean &apos;org.springframework.aop.config.internalAutoProxyCreator&apos;
2017-10-02 06:08:53 DEBUG DefaultListableBeanFactory:221 - Creating shared instance of singleton bean &apos;org.springframework.transaction.annotation.AnnotationTransactionAttributeSource#0&apos;
2017-10-02 06:08:53 DEBUG DefaultListableBeanFactory:448 - Creating instance of bean &apos;org.springframework.transaction.annotation.AnnotationTransactionAttributeSource#0&apos;
2017-10-02 06:08:53 DEBUG DefaultListableBeanFactory:537 - Eagerly caching bean &apos;org.springframework.transaction.annotation.AnnotationTransactionAttributeSource#0&apos; to allow for resolving potential circular references
2017-10-02 06:08:53 DEBUG DefaultListableBeanFactory:251 - Returning cached instance of singleton bean &apos;org.springframework.transaction.config.internalTransactionAdvisor&apos;
2017-10-02 06:08:53 DEBUG DefaultListableBeanFactory:484 - Finished creating instance of bean &apos;org.springframework.transaction.annotation.AnnotationTransactionAttributeSource#0&apos;
2017-10-02 06:08:53 DEBUG DefaultListableBeanFactory:221 - Creating shared instance of singleton bean &apos;org.springframework.transaction.interceptor.TransactionInterceptor#0&apos;
2017-10-02 06:08:53 DEBUG DefaultListableBeanFactory:448 - Creating instance of bean &apos;org.springframework.transaction.interceptor.TransactionInterceptor#0&apos;
2017-10-02 06:08:53 DEBUG DefaultListableBeanFactory:537 - Eagerly caching bean &apos;org.springframework.transaction.interceptor.TransactionInterceptor#0&apos; to allow for resolving potential circular references
2017-10-02 06:08:53 DEBUG DefaultListableBeanFactory:251 - Returning cached instance of singleton bean &apos;org.springframework.transaction.annotation.AnnotationTransactionAttributeSource#0&apos;
2017-10-02 06:08:53 DEBUG DefaultListableBeanFactory:1625 - Invoking afterPropertiesSet() on bean with name &apos;org.springframework.transaction.interceptor.TransactionInterceptor#0&apos;
2017-10-02 06:08:53 DEBUG DefaultListableBeanFactory:484 - Finished creating instance of bean &apos;org.springframework.transaction.interceptor.TransactionInterceptor#0&apos;
2017-10-02 06:08:53 DEBUG DefaultListableBeanFactory:251 - Returning cached instance of singleton bean &apos;org.springframework.transaction.config.internalTransactionAdvisor&apos;
2017-10-02 06:08:53 DEBUG DefaultListableBeanFactory:221 - Creating shared instance of singleton bean &apos;transactionManager&apos;
2017-10-02 06:08:53 DEBUG DefaultListableBeanFactory:448 - Creating instance of bean &apos;transactionManager&apos;
2017-10-02 06:08:53 DEBUG DefaultListableBeanFactory:537 - Eagerly caching bean &apos;transactionManager&apos; to allow for resolving potential circular references
2017-10-02 06:08:53 DEBUG DefaultListableBeanFactory:251 - Returning cached instance of singleton bean &apos;sessionFactory&apos;
2017-10-02 06:08:53 DEBUG DefaultListableBeanFactory:1625 - Invoking afterPropertiesSet() on bean with name &apos;transactionManager&apos;
2017-10-02 06:08:53 INFO  HibernateTransactionManager:420 - Using DataSource [org.apache.tomcat.dbcp.dbcp2.BasicDataSource@1cf2fed4] of Hibernate SessionFactory for HibernateTransactionManager
2017-10-02 06:08:53 DEBUG DefaultListableBeanFactory:251 - Returning cached instance of singleton bean &apos;org.springframework.transaction.config.internalTransactionAdvisor&apos;
2017-10-02 06:08:53 DEBUG DefaultListableBeanFactory:484 - Finished creating instance of bean &apos;transactionManager&apos;
2017-10-02 06:08:53 DEBUG DefaultListableBeanFactory:251 - Returning cached instance of singleton bean &apos;org.springframework.context.annotation.ConfigurationClassPostProcessor.importAwareProcessor&apos;
2017-10-02 06:08:53 DEBUG DefaultListableBeanFactory:251 - Returning cached instance of singleton bean &apos;org.springframework.context.annotation.ConfigurationClassPostProcessor.enhancedConfigurationProcessor&apos;
2017-10-02 06:08:53 DEBUG DefaultListableBeanFactory:251 - Returning cached instance of singleton bean &apos;org.springframework.transaction.annotation.ProxyTransactionManagementConfiguration&apos;
2017-10-02 06:08:53 DEBUG DefaultListableBeanFactory:251 - Returning cached instance of singleton bean &apos;transactionAttributeSource&apos;
2017-10-02 06:08:53 DEBUG DefaultListableBeanFactory:251 - Returning cached instance of singleton bean &apos;transactionInterceptor&apos;
2017-10-02 06:08:53 DEBUG DefaultListableBeanFactory:251 - Returning cached instance of singleton bean &apos;exceptionTranslation&apos;
2017-10-02 06:08:53 DEBUG DefaultListableBeanFactory:251 - Returning cached instance of singleton bean &apos;org.springframework.context.event.internalEventListenerFactory&apos;
2017-10-02 06:08:53 DEBUG DefaultListableBeanFactory:251 - Returning cached instance of singleton bean &apos;org.springframework.transaction.config.internalTransactionalEventListenerFactory&apos;
2017-10-02 06:08:53 DEBUG GenericApplicationContext:784 - Unable to locate LifecycleProcessor with name &apos;lifecycleProcessor&apos;: using default [org.springframework.context.support.DefaultLifecycleProcessor@677dbd89]
2017-10-02 06:08:53 DEBUG DefaultListableBeanFactory:251 - Returning cached instance of singleton bean &apos;lifecycleProcessor&apos;
2017-10-02 06:08:53 DEBUG PropertySourcesPropertyResolver:91 - Could not find key &apos;spring.liveBeansView.mbeanDomain&apos; in any property source
2017-10-02 06:08:53 DEBUG DefaultCacheAwareContextLoaderDelegate:118 - Storing ApplicationContext in cache under key [[MergedContextConfiguration@32232e55 testClass = TestwithXMLConfig, locations = &apos;{classpath:spring-config.xml}&apos;, classes = &apos;{}&apos;, contextInitializerClasses = &apos;[]&apos;, activeProfiles = &apos;{}&apos;, propertySourceLocations = &apos;{}&apos;, propertySourceProperties = &apos;{}&apos;, contextCustomizers = set[[empty]], contextLoader = &apos;org.springframework.test.context.support.DelegatingSmartContextLoader&apos;, parent = [null]]]
2017-10-02 06:08:53 DEBUG cache:290 - Spring test ApplicationContext cache statistics: [DefaultContextCache@5be067de size = 2, maxSize = 32, parentContextCount = 0, hitCount = 0, missCount = 2]
2017-10-02 06:08:53 DEBUG InjectionMetadata:86 - Processing injected element of bean &apos;my.test.TestwithXMLConfig&apos;: AutowiredFieldElement for my.service.EventService my.test.TestwithXMLConfig.service
2017-10-02 06:08:53 DEBUG DefaultListableBeanFactory:251 - Returning cached instance of singleton bean &apos;eventService&apos;
2017-10-02 06:08:53 DEBUG AutowiredAnnotationBeanPostProcessor:539 - Autowiring by type from bean name &apos;my.test.TestwithXMLConfig&apos; to bean named &apos;eventService&apos;
2017-10-02 06:08:53 DEBUG DefaultListableBeanFactory:251 - Returning cached instance of singleton bean &apos;org.springframework.transaction.config.internalTransactionAdvisor&apos;
2017-10-02 06:08:53 DEBUG AbstractDirtiesContextTestExecutionListener:106 - Before test method: context [DefaultTestContext@54361a9 testClass = TestwithXMLConfig, testInstance = my.test.TestwithXMLConfig@5217f3d0, testMethod = whenEntityIsCreated_thenNoExceptions@TestwithXMLConfig, testException = [null], mergedContextConfiguration = [MergedContextConfiguration@32232e55 testClass = TestwithXMLConfig, locations = &apos;{classpath:spring-config.xml}&apos;, classes = &apos;{}&apos;, contextInitializerClasses = &apos;[]&apos;, activeProfiles = &apos;{}&apos;, propertySourceLocations = &apos;{}&apos;, propertySourceProperties = &apos;{}&apos;, contextCustomizers = set[[empty]], contextLoader = &apos;org.springframework.test.context.support.DelegatingSmartContextLoader&apos;, parent = [null]]], class annotated with @DirtiesContext [false] with mode [null], method annotated with @DirtiesContext [false] with mode [null].
2017-10-02 06:08:53 DEBUG DefaultListableBeanFactory:251 - Returning cached instance of singleton bean &apos;transactionManager&apos;
2017-10-02 06:08:53 DEBUG HibernateTransactionManager:367 - Creating new transaction with name [my.service.EventService.create]: PROPAGATION_REQUIRED,ISOLATION_DEFAULT; &apos;&apos;
2017-10-02 06:08:53 DEBUG HibernateTransactionManager:499 - Opened new Session [org.hibernate.impl.SessionImpl@263f04ca] for Hibernate transaction
2017-10-02 06:08:53 DEBUG HibernateTransactionManager:510 - Preparing JDBC Connection of Hibernate Session [org.hibernate.impl.SessionImpl@263f04ca]
2017-10-02 06:08:53 DEBUG HibernateTransactionManager:575 - Exposing Hibernate transaction as JDBC transaction [748975217, URL=jdbc:mysql://localhost:3306/baeldung, UserName=root@localhost, MySQL Connector Java]
2017-10-02 06:08:53 DEBUG DefaultListableBeanFactory:251 - Returning cached instance of singleton bean &apos;sessionFactory&apos;
2017-10-02 06:08:53 DEBUG HibernateTransactionManager:851 - Initiating transaction rollback
2017-10-02 06:08:53 DEBUG HibernateTransactionManager:679 - Rolling back Hibernate transaction on Session [org.hibernate.impl.SessionImpl@263f04ca]
2017-10-02 06:08:53 DEBUG HibernateTransactionManager:741 - Closing Hibernate Session [org.hibernate.impl.SessionImpl@263f04ca] after transaction
2017-10-02 06:08:53 DEBUG SessionFactoryUtils:819 - Closing Hibernate Session
2017-10-02 06:08:53 DEBUG AbstractDirtiesContextTestExecutionListener:106 - After test method: context [DefaultTestContext@54361a9 testClass = TestwithXMLConfig, testInstance = my.test.TestwithXMLConfig@5217f3d0, testMethod = whenEntityIsCreated_thenNoExceptions@TestwithXMLConfig, testException = org.springframework.orm.hibernate3.HibernateSystemException: persist is not valid without active transaction; nested exception is org.hibernate.HibernateException: persist is not valid without active transaction, mergedContextConfiguration = [MergedContextConfiguration@32232e55 testClass = TestwithXMLConfig, locations = &apos;{classpath:spring-config.xml}&apos;, classes = &apos;{}&apos;, contextInitializerClasses = &apos;[]&apos;, activeProfiles = &apos;{}&apos;, propertySourceLocations = &apos;{}&apos;, propertySourceProperties = &apos;{}&apos;, contextCustomizers = set[[empty]], contextLoader = &apos;org.springframework.test.context.support.DelegatingSmartContextLoader&apos;, parent = [null]]], class annotated with @DirtiesContext [false] with mode [null], method annotated with @DirtiesContext [false] with mode [null].
</system-out>
    <system-err>Mon Oct 02 06:08:53 IST 2017 WARN: Establishing SSL connection without server&apos;s identity verification is not recommended. According to MySQL 5.5.45+, 5.6.26+ and 5.7.6+ requirements SSL connection must be established by default if explicit option isn&apos;t set. For compliance with existing applications not using SSL the verifyServerCertificate property is set to &apos;false&apos;. You need either to explicitly disable SSL by setting useSSL=false, or set useSSL=true and provide truststore for server certificate verification.
Mon Oct 02 06:08:53 IST 2017 WARN: Establishing SSL connection without server&apos;s identity verification is not recommended. According to MySQL 5.5.45+, 5.6.26+ and 5.7.6+ requirements SSL connection must be established by default if explicit option isn&apos;t set. For compliance with existing applications not using SSL the verifyServerCertificate property is set to &apos;false&apos;. You need either to explicitly disable SSL by setting useSSL=false, or set useSSL=true and provide truststore for server certificate verification.
</system-err>
  </testcase>
</testsuite>